0 4.9459e+10
1.41421 5.37412e+10
1.73205 5.11126e+10
2 4.87877e+10
2.23607 4.6361e+10
2.44949 4.44775e+10
2.94994 4.04749e+10
3.26983 3.82626e+10
3.71829 3.55968e+10
4.26008 3.27981e+10
4.88033 3.03351e+10
5.53594 2.80221e+10
6.27288 2.56806e+10
7.14308 2.33435e+10
8.08341 2.10652e+10
9.15757 1.87617e+10
10.4414 1.62806e+10
11.8372 1.38446e+10
13.4176 1.14376e+10
15.2028 8.89052e+09
17.2459 6.46921e+09
19.5774 4.41756e+09
22.2256 2.76274e+09
25.2299 1.50619e+09
28.6307 6.88692e+08
32.4001 2.72729e+08
36.6756 8.44856e+07
41.4274 1.73421e+07
46.5009 2.54098e+06
51.7023 269357
